<?xml version="1.0" encoding="UTF-8"?>
<!-- Generated by org.testng.reporters.JUnitReportReporter -->
<testsuite hostname="Наталья-ПК" name="com.example.tests.GroupCreationTests" tests="2" failures="0" timestamp="27 Jul 2014 08:13:31 GMT" time="5.764" errors="0">
  <testcase name="testEmptyGroupCreation" time="2.834" classname="com.example.tests.GroupCreationTests"/>
  <testcase name="testNonEmptyGroupCreation" time="2.930" classname="com.example.tests.GroupCreationTests"/>
</testsuite> <!-- com.example.tests.GroupCreationTests -->
