<?xml version="1.0" encoding="UTF-8"?>
<!-- Generated by org.testng.reporters.JUnitReportReporter -->
<testsuite hostname="Наталья-ПК" name="com.example.tests.GroupCreationTests" tests="2" failures="0" timestamp="29 Jul 2014 00:07:24 GMT" time="5.937" errors="0">
  <testcase name="testEmptyGroupCreation" time="2.939" classname="com.example.tests.GroupCreationTests"/>
  <testcase name="testNonEmptyGroupCreation" time="2.998" classname="com.example.tests.GroupCreationTests"/>
</testsuite> <!-- com.example.tests.GroupCreationTests -->
