<?xml version="1.0" encoding="UTF-8"?>
<!-- Generated by org.testng.reporters.JUnitReportReporter -->
<testsuite hostname="Наталья-ПК" name="com.example.tests.AddressCreationTests" tests="2" failures="0" timestamp="27 Jul 2014 08:13:31 GMT" time="9.370" errors="0">
  <testcase name="testNonEmptyAddressCreation" time="5.231" classname="com.example.tests.AddressCreationTests"/>
  <testcase name="testEmptyAddressCreation" time="4.139" classname="com.example.tests.AddressCreationTests"/>
</testsuite> <!-- com.example.tests.AddressCreationTests -->
