<?xml version="1.0" encoding="UTF-8"?>
<!-- Generated by org.testng.reporters.JUnitReportReporter -->
<testsuite hostname="Наталья-ПК" name="com.example.tests.AddressCreationTests" tests="2" failures="0" timestamp="29 Jul 2014 00:07:24 GMT" time="10.445" errors="0">
  <testcase name="testNonEmptyAddressCreation" time="4.877" classname="com.example.tests.AddressCreationTests"/>
  <testcase name="testEmptyAddressCreation" time="5.568" classname="com.example.tests.AddressCreationTests"/>
</testsuite> <!-- com.example.tests.AddressCreationTests -->
